<?xml version="1.0" encoding="UTF-8"?>
<testsuite xmlns:xsi="http://www.w3.org/2001/XMLSchema-instance" xsi:noNamespaceSchemaLocation="https://maven.apache.org/surefire/maven-surefire-plugin/xsd/surefire-test-report.xsd" name="com.mercadolibre.bootcamp_demo_java_app.unit.ScopeUtilTest" time="0.914" tests="1" errors="0" skipped="0" failures="0">
  <properties>
    <property name="gopherProxySet" value="false"/>
    <property name="awt.toolkit" value="sun.lwawt.macosx.LWCToolkit"/>
    <property name="java.specification.version" value="11"/>
    <property name="sun.cpu.isalist" value=""/>
    <property name="sun.jnu.encoding" value="UTF-8"/>
    <property name="java.class.path" value="/Users/sjaramillooc/.m2/repository/org/apache/maven/surefire/surefire-booter/2.22.2/surefire-booter-2.22.2.jar:/Users/sjaramillooc/.m2/repository/org/apache/maven/surefire/surefire-api/2.22.2/surefire-api-2.22.2.jar:/Users/sjaramillooc/.m2/repository/org/apache/maven/surefire/surefire-logger-api/2.22.2/surefire-logger-api-2.22.2.jar:/Users/sjaramillooc/Downloads/2._c._origina-etapa-1-fury-lets-practice/target/test-classes:/Users/sjaramillooc/Downloads/2._c._origina-etapa-1-fury-lets-practice/target/classes:/Users/sjaramillooc/.m2/repository/org/junit/jupiter/junit-jupiter-api/5.9.2/junit-jupiter-api-5.9.2.jar:/Users/sjaramillooc/.m2/repository/org/opentest4j/opentest4j/1.2.0/opentest4j-1.2.0.jar:/Users/sjaramillooc/.m2/repository/org/junit/platform/junit-platform-commons/1.9.2/junit-platform-commons-1.9.2.jar:/Users/sjaramillooc/.m2/repository/org/apiguardian/apiguardian-api/1.1.2/apiguardian-api-1.1.2.jar:/Users/sjaramillooc/.m2/repository/org/junit/jupiter/junit-jupiter-engine/5.9.2/junit-jupiter-engine-5.9.2.jar:/Users/sjaramillooc/.m2/repository/org/junit/platform/junit-platform-engine/1.9.2/junit-platform-engine-1.9.2.jar:/Users/sjaramillooc/.m2/repository/org/junit/platform/junit-platform-launcher/1.9.2/junit-platform-launcher-1.9.2.jar:/Users/sjaramillooc/.m2/repository/org/junit/platform/junit-platform-runner/1.9.2/junit-platform-runner-1.9.2.jar:/Users/sjaramillooc/.m2/repository/junit/junit/4.13.2/junit-4.13.2.jar:/Users/sjaramillooc/.m2/repository/org/hamcrest/hamcrest-core/2.2/hamcrest-core-2.2.jar:/Users/sjaramillooc/.m2/repository/org/junit/platform/junit-platform-suite-api/1.9.2/junit-platform-suite-api-1.9.2.jar:/Users/sjaramillooc/.m2/repository/org/junit/platform/junit-platform-suite-commons/1.9.2/junit-platform-suite-commons-1.9.2.jar:/Users/sjaramillooc/.m2/repository/org/springframework/boot/spring-boot-starter-test/2.7.13/spring-boot-starter-test-2.7.13.jar:/Users/sjaramillooc/.m2/repository/org/springframework/boot/spring-boot-starter/2.7.13/spring-boot-starter-2.7.13.jar:/Users/sjaramillooc/.m2/repository/org/springframework/boot/spring-boot/2.7.13/spring-boot-2.7.13.jar:/Users/sjaramillooc/.m2/repository/org/springframework/boot/spring-boot-autoconfigure/2.7.13/spring-boot-autoconfigure-2.7.13.jar:/Users/sjaramillooc/.m2/repository/org/springframework/boot/spring-boot-starter-logging/2.7.13/spring-boot-starter-logging-2.7.13.jar:/Users/sjaramillooc/.m2/repository/ch/qos/logback/logback-classic/1.2.12/logback-classic-1.2.12.jar:/Users/sjaramillooc/.m2/repository/ch/qos/logback/logback-core/1.2.12/logback-core-1.2.12.jar:/Users/sjaramillooc/.m2/repository/org/apache/logging/log4j/log4j-to-slf4j/2.17.2/log4j-to-slf4j-2.17.2.jar:/Users/sjaramillooc/.m2/repository/org/apache/logging/log4j/log4j-api/2.17.2/log4j-api-2.17.2.jar:/Users/sjaramillooc/.m2/repository/org/slf4j/jul-to-slf4j/1.7.36/jul-to-slf4j-1.7.36.jar:/Users/sjaramillooc/.m2/repository/jakarta/annotation/jakarta.annotation-api/1.3.5/jakarta.annotation-api-1.3.5.jar:/Users/sjaramillooc/.m2/repository/org/yaml/snakeyaml/1.30/snakeyaml-1.30.jar:/Users/sjaramillooc/.m2/repository/org/springframework/boot/spring-boot-test/2.7.13/spring-boot-test-2.7.13.jar:/Users/sjaramillooc/.m2/repository/org/springframework/boot/spring-boot-test-autoconfigure/2.7.13/spring-boot-test-autoconfigure-2.7.13.jar:/Users/sjaramillooc/.m2/repository/com/jayway/jsonpath/json-path/2.7.0/json-path-2.7.0.jar:/Users/sjaramillooc/.m2/repository/net/minidev/json-smart/2.4.11/json-smart-2.4.11.jar:/Users/sjaramillooc/.m2/repository/net/minidev/accessors-smart/2.4.11/accessors-smart-2.4.11.jar:/Users/sjaramillooc/.m2/repository/jakarta/xml/bind/jakarta.xml.bind-api/2.3.3/jakarta.xml.bind-api-2.3.3.jar:/Users/sjaramillooc/.m2/repository/jakarta/activation/jakarta.activation-api/1.2.2/jakarta.activation-api-1.2.2.jar:/Users/sjaramillooc/.m2/repository/org/assertj/assertj-core/3.22.0/assertj-core-3.22.0.jar:/Users/sjaramillooc/.m2/repository/org/hamcrest/hamcrest/2.2/hamcrest-2.2.jar:/Users/sjaramillooc/.m2/repository/org/junit/jupiter/junit-jupiter/5.9.2/junit-jupiter-5.9.2.jar:/Users/sjaramillooc/.m2/repository/org/junit/jupiter/junit-jupiter-params/5.9.2/junit-jupiter-params-5.9.2.jar:/Users/sjaramillooc/.m2/repository/org/mockito/mockito-core/4.5.1/mockito-core-4.5.1.jar:/Users/sjaramillooc/.m2/repository/net/bytebuddy/byte-buddy/1.12.23/byte-buddy-1.12.23.jar:/Users/sjaramillooc/.m2/repository/net/bytebuddy/byte-buddy-agent/1.12.23/byte-buddy-agent-1.12.23.jar:/Users/sjaramillooc/.m2/repository/org/objenesis/objenesis/3.2/objenesis-3.2.jar:/Users/sjaramillooc/.m2/repository/org/mockito/mockito-junit-jupiter/4.5.1/mockito-junit-jupiter-4.5.1.jar:/Users/sjaramillooc/.m2/repository/org/skyscreamer/jsonassert/1.5.1/jsonassert-1.5.1.jar:/Users/sjaramillooc/.m2/repository/com/vaadin/external/google/android-json/0.0.20131108.vaadin1/android-json-0.0.20131108.vaadin1.jar:/Users/sjaramillooc/.m2/repository/org/springframework/spring-core/5.3.28/spring-core-5.3.28.jar:/Users/sjaramillooc/.m2/repository/org/springframework/spring-jcl/5.3.28/spring-jcl-5.3.28.jar:/Users/sjaramillooc/.m2/repository/org/springframework/spring-test/5.3.28/spring-test-5.3.28.jar:/Users/sjaramillooc/.m2/repository/org/xmlunit/xmlunit-core/2.9.1/xmlunit-core-2.9.1.jar:/Users/sjaramillooc/.m2/repository/javax/servlet/javax.servlet-api/4.0.1/javax.servlet-api-4.0.1.jar:/Users/sjaramillooc/.m2/repository/org/springframework/boot/spring-boot-starter-web/2.7.13/spring-boot-starter-web-2.7.13.jar:/Users/sjaramillooc/.m2/repository/org/springframework/boot/spring-boot-starter-json/2.7.13/spring-boot-starter-json-2.7.13.jar:/Users/sjaramillooc/.m2/repository/com/fasterxml/jackson/datatype/jackson-datatype-jdk8/2.13.5/jackson-datatype-jdk8-2.13.5.jar:/Users/sjaramillooc/.m2/repository/com/fasterxml/jackson/module/jackson-module-parameter-names/2.13.5/jackson-module-parameter-names-2.13.5.jar:/Users/sjaramillooc/.m2/repository/org/springframework/spring-web/5.3.28/spring-web-5.3.28.jar:/Users/sjaramillooc/.m2/repository/org/springframework/spring-beans/5.3.28/spring-beans-5.3.28.jar:/Users/sjaramillooc/.m2/repository/org/springframework/spring-webmvc/5.3.28/spring-webmvc-5.3.28.jar:/Users/sjaramillooc/.m2/repository/org/springframework/spring-aop/5.3.28/spring-aop-5.3.28.jar:/Users/sjaramillooc/.m2/repository/org/springframework/spring-context/5.3.28/spring-context-5.3.28.jar:/Users/sjaramillooc/.m2/repository/org/springframework/spring-expression/5.3.28/spring-expression-5.3.28.jar:/Users/sjaramillooc/.m2/repository/org/springframework/boot/spring-boot-starter-jetty/2.7.13/spring-boot-starter-jetty-2.7.13.jar:/Users/sjaramillooc/.m2/repository/jakarta/servlet/jakarta.servlet-api/4.0.4/jakarta.servlet-api-4.0.4.jar:/Users/sjaramillooc/.m2/repository/jakarta/websocket/jakarta.websocket-api/1.1.2/jakarta.websocket-api-1.1.2.jar:/Users/sjaramillooc/.m2/repository/org/apache/tomcat/embed/tomcat-embed-el/9.0.76/tomcat-embed-el-9.0.76.jar:/Users/sjaramillooc/.m2/repository/org/eclipse/jetty/jetty-servlets/9.4.51.v20230217/jetty-servlets-9.4.51.v20230217.jar:/Users/sjaramillooc/.m2/repository/org/eclipse/jetty/jetty-continuation/9.4.51.v20230217/jetty-continuation-9.4.51.v20230217.jar:/Users/sjaramillooc/.m2/repository/org/eclipse/jetty/jetty-http/9.4.51.v20230217/jetty-http-9.4.51.v20230217.jar:/Users/sjaramillooc/.m2/repository/org/eclipse/jetty/jetty-util/9.4.51.v20230217/jetty-util-9.4.51.v20230217.jar:/Users/sjaramillooc/.m2/repository/org/eclipse/jetty/jetty-io/9.4.51.v20230217/jetty-io-9.4.51.v20230217.jar:/Users/sjaramillooc/.m2/repository/org/eclipse/jetty/jetty-webapp/9.4.51.v20230217/jetty-webapp-9.4.51.v20230217.jar:/Users/sjaramillooc/.m2/repository/org/eclipse/jetty/jetty-xml/9.4.51.v20230217/jetty-xml-9.4.51.v20230217.jar:/Users/sjaramillooc/.m2/repository/org/eclipse/jetty/jetty-servlet/9.4.51.v20230217/jetty-servlet-9.4.51.v20230217.jar:/Users/sjaramillooc/.m2/repository/org/eclipse/jetty/jetty-security/9.4.51.v20230217/jetty-security-9.4.51.v20230217.jar:/Users/sjaramillooc/.m2/repository/org/eclipse/jetty/jetty-server/9.4.51.v20230217/jetty-server-9.4.51.v20230217.jar:/Users/sjaramillooc/.m2/repository/org/eclipse/jetty/jetty-util-ajax/9.4.51.v20230217/jetty-util-ajax-9.4.51.v20230217.jar:/Users/sjaramillooc/.m2/repository/org/eclipse/jetty/websocket/websocket-server/9.4.51.v20230217/websocket-server-9.4.51.v20230217.jar:/Users/sjaramillooc/.m2/repository/org/eclipse/jetty/websocket/websocket-common/9.4.51.v20230217/websocket-common-9.4.51.v20230217.jar:/Users/sjaramillooc/.m2/repository/org/eclipse/jetty/websocket/websocket-api/9.4.51.v20230217/websocket-api-9.4.51.v20230217.jar:/Users/sjaramillooc/.m2/repository/org/eclipse/jetty/websocket/websocket-client/9.4.51.v20230217/websocket-client-9.4.51.v20230217.jar:/Users/sjaramillooc/.m2/repository/org/eclipse/jetty/jetty-client/9.4.51.v20230217/jetty-client-9.4.51.v20230217.jar:/Users/sjaramillooc/.m2/repository/org/eclipse/jetty/websocket/websocket-servlet/9.4.51.v20230217/websocket-servlet-9.4.51.v20230217.jar:/Users/sjaramillooc/.m2/repository/org/eclipse/jetty/websocket/javax-websocket-server-impl/9.4.51.v20230217/javax-websocket-server-impl-9.4.51.v20230217.jar:/Users/sjaramillooc/.m2/repository/org/eclipse/jetty/jetty-annotations/9.4.51.v20230217/jetty-annotations-9.4.51.v20230217.jar:/Users/sjaramillooc/.m2/repository/org/eclipse/jetty/jetty-plus/9.4.51.v20230217/jetty-plus-9.4.51.v20230217.jar:/Users/sjaramillooc/.m2/repository/org/ow2/asm/asm/9.4/asm-9.4.jar:/Users/sjaramillooc/.m2/repository/org/ow2/asm/asm-commons/9.4/asm-commons-9.4.jar:/Users/sjaramillooc/.m2/repository/org/ow2/asm/asm-tree/9.4/asm-tree-9.4.jar:/Users/sjaramillooc/.m2/repository/org/eclipse/jetty/websocket/javax-websocket-client-impl/9.4.51.v20230217/javax-websocket-client-impl-9.4.51.v20230217.jar:/Users/sjaramillooc/.m2/repository/org/springdoc/springdoc-openapi-ui/1.6.12/springdoc-openapi-ui-1.6.12.jar:/Users/sjaramillooc/.m2/repository/org/springdoc/springdoc-openapi-webmvc-core/1.6.12/springdoc-openapi-webmvc-core-1.6.12.jar:/Users/sjaramillooc/.m2/repository/org/springdoc/springdoc-openapi-common/1.6.12/springdoc-openapi-common-1.6.12.jar:/Users/sjaramillooc/.m2/repository/io/swagger/core/v3/swagger-core/2.2.4/swagger-core-2.2.4.jar:/Users/sjaramillooc/.m2/repository/com/fasterxml/jackson/dataformat/jackson-dataformat-yaml/2.13.5/jackson-dataformat-yaml-2.13.5.jar:/Users/sjaramillooc/.m2/repository/io/swagger/core/v3/swagger-annotations/2.2.4/swagger-annotations-2.2.4.jar:/Users/sjaramillooc/.m2/repository/io/swagger/core/v3/swagger-models/2.2.4/swagger-models-2.2.4.jar:/Users/sjaramillooc/.m2/repository/jakarta/validation/jakarta.validation-api/2.0.2/jakarta.validation-api-2.0.2.jar:/Users/sjaramillooc/.m2/repository/org/webjars/swagger-ui/4.14.3/swagger-ui-4.14.3.jar:/Users/sjaramillooc/.m2/repository/org/webjars/webjars-locator-core/0.50/webjars-locator-core-0.50.jar:/Users/sjaramillooc/.m2/repository/com/fasterxml/jackson/core/jackson-core/2.13.5/jackson-core-2.13.5.jar:/Users/sjaramillooc/.m2/repository/io/github/classgraph/classgraph/4.8.149/classgraph-4.8.149.jar:/Users/sjaramillooc/.m2/repository/com/mercadolibre/json/json-core/1.0.4/json-core-1.0.4.jar:/Users/sjaramillooc/.m2/repository/com/mercadolibre/json_jackson/json-jackson/1.0.4/json-jackson-1.0.4.jar:/Users/sjaramillooc/.m2/repository/com/fasterxml/jackson/core/jackson-databind/2.13.5/jackson-databind-2.13.5.jar:/Users/sjaramillooc/.m2/repository/com/fasterxml/jackson/core/jackson-annotations/2.13.5/jackson-annotations-2.13.5.jar:/Users/sjaramillooc/.m2/repository/com/fasterxml/jackson/module/jackson-module-afterburner/2.13.5/jackson-module-afterburner-2.13.5.jar:/Users/sjaramillooc/.m2/repository/com/fasterxml/jackson/datatype/jackson-datatype-jsr310/2.13.5/jackson-datatype-jsr310-2.13.5.jar:/Users/sjaramillooc/.m2/repository/org/apache/commons/commons-lang3/3.12.0/commons-lang3-3.12.0.jar:/Users/sjaramillooc/.m2/repository/commons-lang/commons-lang/2.6/commons-lang-2.6.jar:/Users/sjaramillooc/.m2/repository/com/mercadolibre/resilience/resilience-core/2.0.5/resilience-core-2.0.5.jar:/Users/sjaramillooc/.m2/repository/com/mercadolibre/common/client-common/0.0.2/client-common-0.0.2.jar:/Users/sjaramillooc/.m2/repository/org/slf4j/slf4j-api/1.7.36/slf4j-api-1.7.36.jar:/Users/sjaramillooc/.m2/repository/com/mercadolibre/metrics/metrics-core/0.1.3/metrics-core-0.1.3.jar:/Users/sjaramillooc/.m2/repository/com/mercadolibre/metrics/datadog-metric-wrapper/0.1.3/datadog-metric-wrapper-0.1.3.jar:/Users/sjaramillooc/.m2/repository/fury/java/metric_collector/0.3.1/metric_collector-0.3.1.jar:/Users/sjaramillooc/.m2/repository/com/datadoghq/java-dogstatsd-client/2.13.0/java-dogstatsd-client-2.13.0.jar:/Users/sjaramillooc/.m2/repository/com/github/jnr/jnr-unixsocket/0.36/jnr-unixsocket-0.36.jar:/Users/sjaramillooc/.m2/repository/com/github/jnr/jnr-ffi/2.1.16/jnr-ffi-2.1.16.jar:/Users/sjaramillooc/.m2/repository/com/github/jnr/jffi/1.2.23/jffi-1.2.23.jar:/Users/sjaramillooc/.m2/repository/com/github/jnr/jffi/1.2.23/jffi-1.2.23-native.jar:/Users/sjaramillooc/.m2/repository/com/github/jnr/jnr-a64asm/1.0.0/jnr-a64asm-1.0.0.jar:/Users/sjaramillooc/.m2/repository/com/github/jnr/jnr-x86asm/1.0.2/jnr-x86asm-1.0.2.jar:/Users/sjaramillooc/.m2/repository/com/github/jnr/jnr-constants/0.9.17/jnr-constants-0.9.17.jar:/Users/sjaramillooc/.m2/repository/com/github/jnr/jnr-enxio/0.30/jnr-enxio-0.30.jar:/Users/sjaramillooc/.m2/repository/com/github/jnr/jnr-posix/3.0.61/jnr-posix-3.0.61.jar:/Users/sjaramillooc/.m2/repository/javadog/javadog/0.1.0/javadog-0.1.0.jar:/Users/sjaramillooc/.m2/repository/org/apache/directory/studio/org.apache.commons.io/2.4/org.apache.commons.io-2.4.jar:/Users/sjaramillooc/.m2/repository/com/mercadolibre/threading/0.3.7/threading-0.3.7.jar:/Users/sjaramillooc/.m2/repository/com/newrelic/agent/java/newrelic-api/7.7.0/newrelic-api-7.7.0.jar:/Users/sjaramillooc/.m2/repository/com/mercadolibre/routing/2.5.7/routing-2.5.7.jar:/Users/sjaramillooc/.m2/repository/com/mercadolibre/restclient/meli-restclient-context/1.0.11/meli-restclient-context-1.0.11.jar:/Users/sjaramillooc/.m2/repository/com/mercadolibre/restclient/restclient-default/1.1.8/restclient-default-1.1.8.jar:/Users/sjaramillooc/.m2/repository/com/mercadolibre/restclient/restclient-httpc/1.1.8/restclient-httpc-1.1.8.jar:/Users/sjaramillooc/.m2/repository/org/apache/httpcomponents/core5/httpcore5/5.1.5/httpcore5-5.1.5.jar:/Users/sjaramillooc/.m2/repository/org/apache/httpcomponents/client5/httpclient5/5.1.4/httpclient5-5.1.4.jar:/Users/sjaramillooc/.m2/repository/org/apache/httpcomponents/core5/httpcore5-h2/5.1.5/httpcore5-h2-5.1.5.jar:/Users/sjaramillooc/.m2/repository/commons-codec/commons-codec/1.15/commons-codec-1.15.jar:/Users/sjaramillooc/.m2/repository/com/mercadolibre/restclient/restclient-default-parsers/1.1.8/restclient-default-parsers-1.1.8.jar:/Users/sjaramillooc/.m2/repository/com/mercadolibre/restclient/restclient-cache/1.1.8/restclient-cache-1.1.8.jar:/Users/sjaramillooc/.m2/repository/com/mercadolibre/restclient/restclient-core/1.1.8/restclient-core-1.1.8.jar:/Users/sjaramillooc/.m2/repository/com/mercadolibre/restclient/restclient-http/1.1.8/restclient-http-1.1.8.jar:/Users/sjaramillooc/.m2/repository/com/google/guava/guava/31.1-jre/guava-31.1-jre.jar:/Users/sjaramillooc/.m2/repository/com/google/guava/failureaccess/1.0.1/failureaccess-1.0.1.jar:/Users/sjaramillooc/.m2/repository/com/google/guava/listenablefuture/9999.0-empty-to-avoid-conflict-with-guava/listenablefuture-9999.0-empty-to-avoid-conflict-with-guava.jar:/Users/sjaramillooc/.m2/repository/com/google/errorprone/error_prone_annotations/2.11.0/error_prone_annotations-2.11.0.jar:/Users/sjaramillooc/.m2/repository/com/google/j2objc/j2objc-annotations/1.3/j2objc-annotations-1.3.jar:/Users/sjaramillooc/.m2/repository/io/opentelemetry/opentelemetry-api/1.19.0/opentelemetry-api-1.19.0.jar:/Users/sjaramillooc/.m2/repository/io/opentelemetry/opentelemetry-context/1.19.0/opentelemetry-context-1.19.0.jar:/Users/sjaramillooc/.m2/repository/io/opentelemetry/opentelemetry-semconv/1.19.0-alpha/opentelemetry-semconv-1.19.0-alpha.jar:/Users/sjaramillooc/.m2/repository/com/mercadolibre/restclient/restclient-core/1.1.8/restclient-core-1.1.8-tests.jar:/Users/sjaramillooc/.m2/repository/org/projectlombok/lombok/1.18.26/lombok-1.18.26.jar:/Users/sjaramillooc/.m2/repository/uk/org/webcompere/system-stubs-core/2.0.2/system-stubs-core-2.0.2.jar:/Users/sjaramillooc/.m2/repository/org/mockito/mockito-inline/4.5.1/mockito-inline-4.5.1.jar:/Users/sjaramillooc/.m2/repository/uk/org/webcompere/system-stubs-jupiter/2.0.2/system-stubs-jupiter-2.0.2.jar:/Users/sjaramillooc/.m2/repository/org/apache/maven/surefire/surefire-junit-platform/2.22.2/surefire-junit-platform-2.22.2.jar"/>
    <property name="java.vm.vendor" value="Amazon.com Inc."/>
    <property name="sun.arch.data.model" value="64"/>
    <property name="java.vendor.url" value="https://aws.amazon.com/corretto/"/>
    <property name="user.timezone" value=""/>
    <property name="java.vm.specification.version" value="11"/>
    <property name="os.name" value="Mac OS X"/>
    <property name="sun.java.launcher" value="SUN_STANDARD"/>
    <property name="user.country" value="CO"/>
    <property name="sun.boot.library.path" value="/Users/sjaramillooc/.sdkman/candidates/java/11.0.22-amzn/lib"/>
    <property name="sun.java.command" value="org.apache.maven.surefire.booter.ForkedBooter /Users/sjaramillooc/Downloads/2._c._origina-etapa-1-fury-lets-practice/target/surefire 2024-03-19T09-39-14_035-jvmRun1 surefire15888372646349842536tmp surefire_011753002745973838591tmp"/>
    <property name="jdk.debug" value="release"/>
    <property name="surefire.test.class.path" value="/Users/sjaramillooc/Downloads/2._c._origina-etapa-1-fury-lets-practice/target/test-classes:/Users/sjaramillooc/Downloads/2._c._origina-etapa-1-fury-lets-practice/target/classes:/Users/sjaramillooc/.m2/repository/org/junit/jupiter/junit-jupiter-api/5.9.2/junit-jupiter-api-5.9.2.jar:/Users/sjaramillooc/.m2/repository/org/opentest4j/opentest4j/1.2.0/opentest4j-1.2.0.jar:/Users/sjaramillooc/.m2/repository/org/junit/platform/junit-platform-commons/1.9.2/junit-platform-commons-1.9.2.jar:/Users/sjaramillooc/.m2/repository/org/apiguardian/apiguardian-api/1.1.2/apiguardian-api-1.1.2.jar:/Users/sjaramillooc/.m2/repository/org/junit/jupiter/junit-jupiter-engine/5.9.2/junit-jupiter-engine-5.9.2.jar:/Users/sjaramillooc/.m2/repository/org/junit/platform/junit-platform-engine/1.9.2/junit-platform-engine-1.9.2.jar:/Users/sjaramillooc/.m2/repository/org/junit/platform/junit-platform-launcher/1.9.2/junit-platform-launcher-1.9.2.jar:/Users/sjaramillooc/.m2/repository/org/junit/platform/junit-platform-runner/1.9.2/junit-platform-runner-1.9.2.jar:/Users/sjaramillooc/.m2/repository/junit/junit/4.13.2/junit-4.13.2.jar:/Users/sjaramillooc/.m2/repository/org/hamcrest/hamcrest-core/2.2/hamcrest-core-2.2.jar:/Users/sjaramillooc/.m2/repository/org/junit/platform/junit-platform-suite-api/1.9.2/junit-platform-suite-api-1.9.2.jar:/Users/sjaramillooc/.m2/repository/org/junit/platform/junit-platform-suite-commons/1.9.2/junit-platform-suite-commons-1.9.2.jar:/Users/sjaramillooc/.m2/repository/org/springframework/boot/spring-boot-starter-test/2.7.13/spring-boot-starter-test-2.7.13.jar:/Users/sjaramillooc/.m2/repository/org/springframework/boot/spring-boot-starter/2.7.13/spring-boot-starter-2.7.13.jar:/Users/sjaramillooc/.m2/repository/org/springframework/boot/spring-boot/2.7.13/spring-boot-2.7.13.jar:/Users/sjaramillooc/.m2/repository/org/springframework/boot/spring-boot-autoconfigure/2.7.13/spring-boot-autoconfigure-2.7.13.jar:/Users/sjaramillooc/.m2/repository/org/springframework/boot/spring-boot-starter-logging/2.7.13/spring-boot-starter-logging-2.7.13.jar:/Users/sjaramillooc/.m2/repository/ch/qos/logback/logback-classic/1.2.12/logback-classic-1.2.12.jar:/Users/sjaramillooc/.m2/repository/ch/qos/logback/logback-core/1.2.12/logback-core-1.2.12.jar:/Users/sjaramillooc/.m2/repository/org/apache/logging/log4j/log4j-to-slf4j/2.17.2/log4j-to-slf4j-2.17.2.jar:/Users/sjaramillooc/.m2/repository/org/apache/logging/log4j/log4j-api/2.17.2/log4j-api-2.17.2.jar:/Users/sjaramillooc/.m2/repository/org/slf4j/jul-to-slf4j/1.7.36/jul-to-slf4j-1.7.36.jar:/Users/sjaramillooc/.m2/repository/jakarta/annotation/jakarta.annotation-api/1.3.5/jakarta.annotation-api-1.3.5.jar:/Users/sjaramillooc/.m2/repository/org/yaml/snakeyaml/1.30/snakeyaml-1.30.jar:/Users/sjaramillooc/.m2/repository/org/springframework/boot/spring-boot-test/2.7.13/spring-boot-test-2.7.13.jar:/Users/sjaramillooc/.m2/repository/org/springframework/boot/spring-boot-test-autoconfigure/2.7.13/spring-boot-test-autoconfigure-2.7.13.jar:/Users/sjaramillooc/.m2/repository/com/jayway/jsonpath/json-path/2.7.0/json-path-2.7.0.jar:/Users/sjaramillooc/.m2/repository/net/minidev/json-smart/2.4.11/json-smart-2.4.11.jar:/Users/sjaramillooc/.m2/repository/net/minidev/accessors-smart/2.4.11/accessors-smart-2.4.11.jar:/Users/sjaramillooc/.m2/repository/jakarta/xml/bind/jakarta.xml.bind-api/2.3.3/jakarta.xml.bind-api-2.3.3.jar:/Users/sjaramillooc/.m2/repository/jakarta/activation/jakarta.activation-api/1.2.2/jakarta.activation-api-1.2.2.jar:/Users/sjaramillooc/.m2/repository/org/assertj/assertj-core/3.22.0/assertj-core-3.22.0.jar:/Users/sjaramillooc/.m2/repository/org/hamcrest/hamcrest/2.2/hamcrest-2.2.jar:/Users/sjaramillooc/.m2/repository/org/junit/jupiter/junit-jupiter/5.9.2/junit-jupiter-5.9.2.jar:/Users/sjaramillooc/.m2/repository/org/junit/jupiter/junit-jupiter-params/5.9.2/junit-jupiter-params-5.9.2.jar:/Users/sjaramillooc/.m2/repository/org/mockito/mockito-core/4.5.1/mockito-core-4.5.1.jar:/Users/sjaramillooc/.m2/repository/net/bytebuddy/byte-buddy/1.12.23/byte-buddy-1.12.23.jar:/Users/sjaramillooc/.m2/repository/net/bytebuddy/byte-buddy-agent/1.12.23/byte-buddy-agent-1.12.23.jar:/Users/sjaramillooc/.m2/repository/org/objenesis/objenesis/3.2/objenesis-3.2.jar:/Users/sjaramillooc/.m2/repository/org/mockito/mockito-junit-jupiter/4.5.1/mockito-junit-jupiter-4.5.1.jar:/Users/sjaramillooc/.m2/repository/org/skyscreamer/jsonassert/1.5.1/jsonassert-1.5.1.jar:/Users/sjaramillooc/.m2/repository/com/vaadin/external/google/android-json/0.0.20131108.vaadin1/android-json-0.0.20131108.vaadin1.jar:/Users/sjaramillooc/.m2/repository/org/springframework/spring-core/5.3.28/spring-core-5.3.28.jar:/Users/sjaramillooc/.m2/repository/org/springframework/spring-jcl/5.3.28/spring-jcl-5.3.28.jar:/Users/sjaramillooc/.m2/repository/org/springframework/spring-test/5.3.28/spring-test-5.3.28.jar:/Users/sjaramillooc/.m2/repository/org/xmlunit/xmlunit-core/2.9.1/xmlunit-core-2.9.1.jar:/Users/sjaramillooc/.m2/repository/javax/servlet/javax.servlet-api/4.0.1/javax.servlet-api-4.0.1.jar:/Users/sjaramillooc/.m2/repository/org/springframework/boot/spring-boot-starter-web/2.7.13/spring-boot-starter-web-2.7.13.jar:/Users/sjaramillooc/.m2/repository/org/springframework/boot/spring-boot-starter-json/2.7.13/spring-boot-starter-json-2.7.13.jar:/Users/sjaramillooc/.m2/repository/com/fasterxml/jackson/datatype/jackson-datatype-jdk8/2.13.5/jackson-datatype-jdk8-2.13.5.jar:/Users/sjaramillooc/.m2/repository/com/fasterxml/jackson/module/jackson-module-parameter-names/2.13.5/jackson-module-parameter-names-2.13.5.jar:/Users/sjaramillooc/.m2/repository/org/springframework/spring-web/5.3.28/spring-web-5.3.28.jar:/Users/sjaramillooc/.m2/repository/org/springframework/spring-beans/5.3.28/spring-beans-5.3.28.jar:/Users/sjaramillooc/.m2/repository/org/springframework/spring-webmvc/5.3.28/spring-webmvc-5.3.28.jar:/Users/sjaramillooc/.m2/repository/org/springframework/spring-aop/5.3.28/spring-aop-5.3.28.jar:/Users/sjaramillooc/.m2/repository/org/springframework/spring-context/5.3.28/spring-context-5.3.28.jar:/Users/sjaramillooc/.m2/repository/org/springframework/spring-expression/5.3.28/spring-expression-5.3.28.jar:/Users/sjaramillooc/.m2/repository/org/springframework/boot/spring-boot-starter-jetty/2.7.13/spring-boot-starter-jetty-2.7.13.jar:/Users/sjaramillooc/.m2/repository/jakarta/servlet/jakarta.servlet-api/4.0.4/jakarta.servlet-api-4.0.4.jar:/Users/sjaramillooc/.m2/repository/jakarta/websocket/jakarta.websocket-api/1.1.2/jakarta.websocket-api-1.1.2.jar:/Users/sjaramillooc/.m2/repository/org/apache/tomcat/embed/tomcat-embed-el/9.0.76/tomcat-embed-el-9.0.76.jar:/Users/sjaramillooc/.m2/repository/org/eclipse/jetty/jetty-servlets/9.4.51.v20230217/jetty-servlets-9.4.51.v20230217.jar:/Users/sjaramillooc/.m2/repository/org/eclipse/jetty/jetty-continuation/9.4.51.v20230217/jetty-continuation-9.4.51.v20230217.jar:/Users/sjaramillooc/.m2/repository/org/eclipse/jetty/jetty-http/9.4.51.v20230217/jetty-http-9.4.51.v20230217.jar:/Users/sjaramillooc/.m2/repository/org/eclipse/jetty/jetty-util/9.4.51.v20230217/jetty-util-9.4.51.v20230217.jar:/Users/sjaramillooc/.m2/repository/org/eclipse/jetty/jetty-io/9.4.51.v20230217/jetty-io-9.4.51.v20230217.jar:/Users/sjaramillooc/.m2/repository/org/eclipse/jetty/jetty-webapp/9.4.51.v20230217/jetty-webapp-9.4.51.v20230217.jar:/Users/sjaramillooc/.m2/repository/org/eclipse/jetty/jetty-xml/9.4.51.v20230217/jetty-xml-9.4.51.v20230217.jar:/Users/sjaramillooc/.m2/repository/org/eclipse/jetty/jetty-servlet/9.4.51.v20230217/jetty-servlet-9.4.51.v20230217.jar:/Users/sjaramillooc/.m2/repository/org/eclipse/jetty/jetty-security/9.4.51.v20230217/jetty-security-9.4.51.v20230217.jar:/Users/sjaramillooc/.m2/repository/org/eclipse/jetty/jetty-server/9.4.51.v20230217/jetty-server-9.4.51.v20230217.jar:/Users/sjaramillooc/.m2/repository/org/eclipse/jetty/jetty-util-ajax/9.4.51.v20230217/jetty-util-ajax-9.4.51.v20230217.jar:/Users/sjaramillooc/.m2/repository/org/eclipse/jetty/websocket/websocket-server/9.4.51.v20230217/websocket-server-9.4.51.v20230217.jar:/Users/sjaramillooc/.m2/repository/org/eclipse/jetty/websocket/websocket-common/9.4.51.v20230217/websocket-common-9.4.51.v20230217.jar:/Users/sjaramillooc/.m2/repository/org/eclipse/jetty/websocket/websocket-api/9.4.51.v20230217/websocket-api-9.4.51.v20230217.jar:/Users/sjaramillooc/.m2/repository/org/eclipse/jetty/websocket/websocket-client/9.4.51.v20230217/websocket-client-9.4.51.v20230217.jar:/Users/sjaramillooc/.m2/repository/org/eclipse/jetty/jetty-client/9.4.51.v20230217/jetty-client-9.4.51.v20230217.jar:/Users/sjaramillooc/.m2/repository/org/eclipse/jetty/websocket/websocket-servlet/9.4.51.v20230217/websocket-servlet-9.4.51.v20230217.jar:/Users/sjaramillooc/.m2/repository/org/eclipse/jetty/websocket/javax-websocket-server-impl/9.4.51.v20230217/javax-websocket-server-impl-9.4.51.v20230217.jar:/Users/sjaramillooc/.m2/repository/org/eclipse/jetty/jetty-annotations/9.4.51.v20230217/jetty-annotations-9.4.51.v20230217.jar:/Users/sjaramillooc/.m2/repository/org/eclipse/jetty/jetty-plus/9.4.51.v20230217/jetty-plus-9.4.51.v20230217.jar:/Users/sjaramillooc/.m2/repository/org/ow2/asm/asm/9.4/asm-9.4.jar:/Users/sjaramillooc/.m2/repository/org/ow2/asm/asm-commons/9.4/asm-commons-9.4.jar:/Users/sjaramillooc/.m2/repository/org/ow2/asm/asm-tree/9.4/asm-tree-9.4.jar:/Users/sjaramillooc/.m2/repository/org/eclipse/jetty/websocket/javax-websocket-client-impl/9.4.51.v20230217/javax-websocket-client-impl-9.4.51.v20230217.jar:/Users/sjaramillooc/.m2/repository/org/springdoc/springdoc-openapi-ui/1.6.12/springdoc-openapi-ui-1.6.12.jar:/Users/sjaramillooc/.m2/repository/org/springdoc/springdoc-openapi-webmvc-core/1.6.12/springdoc-openapi-webmvc-core-1.6.12.jar:/Users/sjaramillooc/.m2/repository/org/springdoc/springdoc-openapi-common/1.6.12/springdoc-openapi-common-1.6.12.jar:/Users/sjaramillooc/.m2/repository/io/swagger/core/v3/swagger-core/2.2.4/swagger-core-2.2.4.jar:/Users/sjaramillooc/.m2/repository/com/fasterxml/jackson/dataformat/jackson-dataformat-yaml/2.13.5/jackson-dataformat-yaml-2.13.5.jar:/Users/sjaramillooc/.m2/repository/io/swagger/core/v3/swagger-annotations/2.2.4/swagger-annotations-2.2.4.jar:/Users/sjaramillooc/.m2/repository/io/swagger/core/v3/swagger-models/2.2.4/swagger-models-2.2.4.jar:/Users/sjaramillooc/.m2/repository/jakarta/validation/jakarta.validation-api/2.0.2/jakarta.validation-api-2.0.2.jar:/Users/sjaramillooc/.m2/repository/org/webjars/swagger-ui/4.14.3/swagger-ui-4.14.3.jar:/Users/sjaramillooc/.m2/repository/org/webjars/webjars-locator-core/0.50/webjars-locator-core-0.50.jar:/Users/sjaramillooc/.m2/repository/com/fasterxml/jackson/core/jackson-core/2.13.5/jackson-core-2.13.5.jar:/Users/sjaramillooc/.m2/repository/io/github/classgraph/classgraph/4.8.149/classgraph-4.8.149.jar:/Users/sjaramillooc/.m2/repository/com/mercadolibre/json/json-core/1.0.4/json-core-1.0.4.jar:/Users/sjaramillooc/.m2/repository/com/mercadolibre/json_jackson/json-jackson/1.0.4/json-jackson-1.0.4.jar:/Users/sjaramillooc/.m2/repository/com/fasterxml/jackson/core/jackson-databind/2.13.5/jackson-databind-2.13.5.jar:/Users/sjaramillooc/.m2/repository/com/fasterxml/jackson/core/jackson-annotations/2.13.5/jackson-annotations-2.13.5.jar:/Users/sjaramillooc/.m2/repository/com/fasterxml/jackson/module/jackson-module-afterburner/2.13.5/jackson-module-afterburner-2.13.5.jar:/Users/sjaramillooc/.m2/repository/com/fasterxml/jackson/datatype/jackson-datatype-jsr310/2.13.5/jackson-datatype-jsr310-2.13.5.jar:/Users/sjaramillooc/.m2/repository/org/apache/commons/commons-lang3/3.12.0/commons-lang3-3.12.0.jar:/Users/sjaramillooc/.m2/repository/commons-lang/commons-lang/2.6/commons-lang-2.6.jar:/Users/sjaramillooc/.m2/repository/com/mercadolibre/resilience/resilience-core/2.0.5/resilience-core-2.0.5.jar:/Users/sjaramillooc/.m2/repository/com/mercadolibre/common/client-common/0.0.2/client-common-0.0.2.jar:/Users/sjaramillooc/.m2/repository/org/slf4j/slf4j-api/1.7.36/slf4j-api-1.7.36.jar:/Users/sjaramillooc/.m2/repository/com/mercadolibre/metrics/metrics-core/0.1.3/metrics-core-0.1.3.jar:/Users/sjaramillooc/.m2/repository/com/mercadolibre/metrics/datadog-metric-wrapper/0.1.3/datadog-metric-wrapper-0.1.3.jar:/Users/sjaramillooc/.m2/repository/fury/java/metric_collector/0.3.1/metric_collector-0.3.1.jar:/Users/sjaramillooc/.m2/repository/com/datadoghq/java-dogstatsd-client/2.13.0/java-dogstatsd-client-2.13.0.jar:/Users/sjaramillooc/.m2/repository/com/github/jnr/jnr-unixsocket/0.36/jnr-unixsocket-0.36.jar:/Users/sjaramillooc/.m2/repository/com/github/jnr/jnr-ffi/2.1.16/jnr-ffi-2.1.16.jar:/Users/sjaramillooc/.m2/repository/com/github/jnr/jffi/1.2.23/jffi-1.2.23.jar:/Users/sjaramillooc/.m2/repository/com/github/jnr/jffi/1.2.23/jffi-1.2.23-native.jar:/Users/sjaramillooc/.m2/repository/com/github/jnr/jnr-a64asm/1.0.0/jnr-a64asm-1.0.0.jar:/Users/sjaramillooc/.m2/repository/com/github/jnr/jnr-x86asm/1.0.2/jnr-x86asm-1.0.2.jar:/Users/sjaramillooc/.m2/repository/com/github/jnr/jnr-constants/0.9.17/jnr-constants-0.9.17.jar:/Users/sjaramillooc/.m2/repository/com/github/jnr/jnr-enxio/0.30/jnr-enxio-0.30.jar:/Users/sjaramillooc/.m2/repository/com/github/jnr/jnr-posix/3.0.61/jnr-posix-3.0.61.jar:/Users/sjaramillooc/.m2/repository/javadog/javadog/0.1.0/javadog-0.1.0.jar:/Users/sjaramillooc/.m2/repository/org/apache/directory/studio/org.apache.commons.io/2.4/org.apache.commons.io-2.4.jar:/Users/sjaramillooc/.m2/repository/com/mercadolibre/threading/0.3.7/threading-0.3.7.jar:/Users/sjaramillooc/.m2/repository/com/newrelic/agent/java/newrelic-api/7.7.0/newrelic-api-7.7.0.jar:/Users/sjaramillooc/.m2/repository/com/mercadolibre/routing/2.5.7/routing-2.5.7.jar:/Users/sjaramillooc/.m2/repository/com/mercadolibre/restclient/meli-restclient-context/1.0.11/meli-restclient-context-1.0.11.jar:/Users/sjaramillooc/.m2/repository/com/mercadolibre/restclient/restclient-default/1.1.8/restclient-default-1.1.8.jar:/Users/sjaramillooc/.m2/repository/com/mercadolibre/restclient/restclient-httpc/1.1.8/restclient-httpc-1.1.8.jar:/Users/sjaramillooc/.m2/repository/org/apache/httpcomponents/core5/httpcore5/5.1.5/httpcore5-5.1.5.jar:/Users/sjaramillooc/.m2/repository/org/apache/httpcomponents/client5/httpclient5/5.1.4/httpclient5-5.1.4.jar:/Users/sjaramillooc/.m2/repository/org/apache/httpcomponents/core5/httpcore5-h2/5.1.5/httpcore5-h2-5.1.5.jar:/Users/sjaramillooc/.m2/repository/commons-codec/commons-codec/1.15/commons-codec-1.15.jar:/Users/sjaramillooc/.m2/repository/com/mercadolibre/restclient/restclient-default-parsers/1.1.8/restclient-default-parsers-1.1.8.jar:/Users/sjaramillooc/.m2/repository/com/mercadolibre/restclient/restclient-cache/1.1.8/restclient-cache-1.1.8.jar:/Users/sjaramillooc/.m2/repository/com/mercadolibre/restclient/restclient-core/1.1.8/restclient-core-1.1.8.jar:/Users/sjaramillooc/.m2/repository/com/mercadolibre/restclient/restclient-http/1.1.8/restclient-http-1.1.8.jar:/Users/sjaramillooc/.m2/repository/com/google/guava/guava/31.1-jre/guava-31.1-jre.jar:/Users/sjaramillooc/.m2/repository/com/google/guava/failureaccess/1.0.1/failureaccess-1.0.1.jar:/Users/sjaramillooc/.m2/repository/com/google/guava/listenablefuture/9999.0-empty-to-avoid-conflict-with-guava/listenablefuture-9999.0-empty-to-avoid-conflict-with-guava.jar:/Users/sjaramillooc/.m2/repository/com/google/errorprone/error_prone_annotations/2.11.0/error_prone_annotations-2.11.0.jar:/Users/sjaramillooc/.m2/repository/com/google/j2objc/j2objc-annotations/1.3/j2objc-annotations-1.3.jar:/Users/sjaramillooc/.m2/repository/io/opentelemetry/opentelemetry-api/1.19.0/opentelemetry-api-1.19.0.jar:/Users/sjaramillooc/.m2/repository/io/opentelemetry/opentelemetry-context/1.19.0/opentelemetry-context-1.19.0.jar:/Users/sjaramillooc/.m2/repository/io/opentelemetry/opentelemetry-semconv/1.19.0-alpha/opentelemetry-semconv-1.19.0-alpha.jar:/Users/sjaramillooc/.m2/repository/com/mercadolibre/restclient/restclient-core/1.1.8/restclient-core-1.1.8-tests.jar:/Users/sjaramillooc/.m2/repository/org/projectlombok/lombok/1.18.26/lombok-1.18.26.jar:/Users/sjaramillooc/.m2/repository/uk/org/webcompere/system-stubs-core/2.0.2/system-stubs-core-2.0.2.jar:/Users/sjaramillooc/.m2/repository/org/mockito/mockito-inline/4.5.1/mockito-inline-4.5.1.jar:/Users/sjaramillooc/.m2/repository/uk/org/webcompere/system-stubs-jupiter/2.0.2/system-stubs-jupiter-2.0.2.jar:"/>
    <property name="sun.cpu.endian" value="little"/>
    <property name="user.home" value="/Users/sjaramillooc"/>
    <property name="user.language" value="es"/>
    <property name="java.specification.vendor" value="Oracle Corporation"/>
    <property name="java.version.date" value="2024-01-16"/>
    <property name="java.home" value="/Users/sjaramillooc/.sdkman/candidates/java/11.0.22-amzn"/>
    <property name="file.separator" value="/"/>
    <property name="basedir" value="/Users/sjaramillooc/Downloads/2._c._origina-etapa-1-fury-lets-practice"/>
    <property name="java.vm.compressedOopsMode" value="Zero based"/>
    <property name="line.separator" value="&#10;"/>
    <property name="java.specification.name" value="Java Platform API Specification"/>
    <property name="java.vm.specification.vendor" value="Oracle Corporation"/>
    <property name="java.awt.graphicsenv" value="sun.awt.CGraphicsEnvironment"/>
    <property name="sun.management.compiler" value="HotSpot 64-Bit Tiered Compilers"/>
    <property name="java.runtime.version" value="11.0.22+7-LTS"/>
    <property name="user.name" value="sjaramillooc"/>
    <property name="path.separator" value=":"/>
    <property name="os.version" value="14.3"/>
    <property name="java.runtime.name" value="OpenJDK Runtime Environment"/>
    <property name="file.encoding" value="UTF-8"/>
    <property name="java.vm.name" value="OpenJDK 64-Bit Server VM"/>
    <property name="java.vendor.version" value="Corretto-11.0.22.7.1"/>
    <property name="localRepository" value="/Users/sjaramillooc/.m2/repository"/>
    <property name="java.vendor.url.bug" value="https://github.com/corretto/corretto-11/issues/"/>
    <property name="java.io.tmpdir" value="/var/folders/yf/5f99rr9n74jb46_75w6g62jnsrns57/T/"/>
    <property name="java.version" value="11.0.22"/>
    <property name="user.dir" value="/Users/sjaramillooc/Downloads/2._c._origina-etapa-1-fury-lets-practice"/>
    <property name="os.arch" value="aarch64"/>
    <property name="java.vm.specification.name" value="Java Virtual Machine Specification"/>
    <property name="java.awt.printerjob" value="sun.lwawt.macosx.CPrinterJob"/>
    <property name="sun.os.patch.level" value="unknown"/>
    <property name="java.library.path" value="/Users/sjaramillooc/Library/Java/Extensions:/Library/Java/Extensions:/Network/Library/Java/Extensions:/System/Library/Java/Extensions:/usr/lib/java:."/>
    <property name="java.vm.info" value="mixed mode"/>
    <property name="java.vendor" value="Amazon.com Inc."/>
    <property name="java.vm.version" value="11.0.22+7-LTS"/>
    <property name="java.specification.maintenance.version" value="2"/>
    <property name="sun.io.unicode.encoding" value="UnicodeBig"/>
    <property name="java.class.version" value="55.0"/>
  </properties>
  <testcase name="testSuffix" classname="com.mercadolibre.bootcamp_demo_java_app.unit.ScopeUtilTest" time="0.912"/>
</testsuite>